<?xml version="1.0" encoding="UTF-8"?>
<testsuite name="com.heroku.devcenter.RabbitIT" tests="2" skipped="0" failures="0" errors="0" timestamp="2019-03-29T00:14:24" hostname="Janet" time="1.685">
  <properties/>
  <testcase name="testAsynchronous" classname="com.heroku.devcenter.RabbitIT" time="1.595"/>
  <testcase name="testSynchronous" classname="com.heroku.devcenter.RabbitIT" time="0.089"/>
  <system-out><![CDATA[]]></system-out>
  <system-err><![CDATA[Mar 28, 2019 5:14:25 PM org.springframework.amqp.rabbit.listener.SimpleMessageListenerContainer doShutdown
INFO: Waiting for workers to finish.
Mar 28, 2019 5:14:26 PM org.springframework.amqp.rabbit.listener.SimpleMessageListenerContainer doShutdown
INFO: Successfully waited for workers to finish.
]]></system-err>
</testsuite>
